<?xml version="1.0" encoding="UTF-8"?>
<TestRun id="ddffc915-07c7-4ce4-84a3-cb49122039d5" name="sbunel@R108P16HVVS 2017-12-21 11:01:01" runUser="SIO\sbunel" xmlns="http://microsoft.com/schemas/VisualStudio/TeamTest/2010">
  <TestSettings name="Local" id="6e5ca0db-52ce-482b-a71f-546599047121">
    <Description>Il s'agit des paramètres de test par défaut pour une série de tests locale.</Description>
    <Deployment enabled="false" runDeploymentRoot="sbunel_R108P16HVVS 2017-12-21 11_01_01">
      <DeploymentItem filename="P:\Bunel Sébastien\Slam4\tpTestUnitaire\tpTestUnitaire\bin\Debug\tpTestUnitaire.dll" />
    </Deployment>
    <Execution>
      <TestTypeSpecific />
      <AgentRule name="Execution Agents">
      </AgentRule>
    </Execution>
  </TestSettings>
  <Times creation="2017-12-21T11:01:01.9575268+01:00" queuing="2017-12-21T11:01:01.9809988+01:00" start="2017-12-21T11:01:01.9878448+01:00" finish="2017-12-21T11:01:02.1316108+01:00" />
  <ResultSummary outcome="Completed">
    <Counters total="6" executed="6" passed="6" error="0" failed="0" timeout="0" aborted="0" inconclusive="0" passedButRunAborted="0" notRunnable="0" notExecuted="0" disconnected="0" warning="0" completed="0" inProgress="0" pending="0" />
  </ResultSummary>
  <TestDefinitions>
    <UnitTest name="ToStringTest" storage="p:\bunel sébastien\slam4\tptestunitaire\testean13\bin\debug\testean13.dll" id="fc088f0c-0d88-c0a7-85e1-7f86ad18f642">
      <Execution id="98dc0d90-8884-4564-a358-bfd5ee049294" />
      <TestMethod codeBase="P:/Bunel Sébastien/Slam4/tpTestUnitaire/TestEan13/bin/Debug/TestEan13.DLL" adapterTypeName="Microsoft.VisualStudio.TestTools.TestTypes.Unit.UnitTestAdapter, Microsoft.VisualStudio.QualityTools.Tips.UnitTest.Adapter, Version=10.0.0.0, Culture=neutral, PublicKeyToken=b03f5f7f11d50a3a" className="TestEan13.Ean13Test, TestEan13, Version=1.0.0.0, Culture=neutral, PublicKeyToken=null" name="ToStringTest" />
    </UnitTest>
    <UnitTest name="CleTest" storage="p:\bunel sébastien\slam4\tptestunitaire\testean13\bin\debug\testean13.dll" id="c52f5332-71ff-335c-862c-1d556b4a6abc">
      <Execution id="15a1dee1-784c-4cda-819d-6d2f9f3da3da" />
      <TestMethod codeBase="P:/Bunel Sébastien/Slam4/tpTestUnitaire/TestEan13/bin/Debug/TestEan13.DLL" adapterTypeName="Microsoft.VisualStudio.TestTools.TestTypes.Unit.UnitTestAdapter, Microsoft.VisualStudio.QualityTools.Tips.UnitTest.Adapter, Version=10.0.0.0, Culture=neutral, PublicKeyToken=b03f5f7f11d50a3a" className="TestEan13.Ean13Test, TestEan13, Version=1.0.0.0, Culture=neutral, PublicKeyToken=null" name="CleTest" />
    </UnitTest>
    <UnitTest name="ResteTest" storage="p:\bunel sébastien\slam4\tptestunitaire\testean13\bin\debug\testean13.dll" id="da35aeb7-e1df-eeed-6b2d-3a17dd8140d8">
      <Execution id="229be377-81aa-4b23-bf39-572787b7bad4" />
      <TestMethod codeBase="P:/Bunel Sébastien/Slam4/tpTestUnitaire/TestEan13/bin/Debug/TestEan13.DLL" adapterTypeName="Microsoft.VisualStudio.TestTools.TestTypes.Unit.UnitTestAdapter, Microsoft.VisualStudio.QualityTools.Tips.UnitTest.Adapter, Version=10.0.0.0, Culture=neutral, PublicKeyToken=b03f5f7f11d50a3a" className="TestEan13.Ean13Test, TestEan13, Version=1.0.0.0, Culture=neutral, PublicKeyToken=null" name="ResteTest" />
    </UnitTest>
    <UnitTest name="Ean13ConstructorTest" storage="p:\bunel sébastien\slam4\tptestunitaire\testean13\bin\debug\testean13.dll" id="e9163f9d-c849-b6ad-20b7-06b88564ed77">
      <Execution id="187ac916-f5d6-40ac-85e5-097368b73314" />
      <TestMethod codeBase="P:/Bunel Sébastien/Slam4/tpTestUnitaire/TestEan13/bin/Debug/TestEan13.DLL" adapterTypeName="Microsoft.VisualStudio.TestTools.TestTypes.Unit.UnitTestAdapter, Microsoft.VisualStudio.QualityTools.Tips.UnitTest.Adapter, Version=10.0.0.0, Culture=neutral, PublicKeyToken=b03f5f7f11d50a3a" className="TestEan13.Ean13Test, TestEan13, Version=1.0.0.0, Culture=neutral, PublicKeyToken=null" name="Ean13ConstructorTest" />
    </UnitTest>
    <UnitTest name="PoidsImpairTest" storage="p:\bunel sébastien\slam4\tptestunitaire\testean13\bin\debug\testean13.dll" id="3b00af88-da7f-9480-e7c9-bc6616f14c9e">
      <Execution id="4b4c3643-cb82-4209-9d08-c7b25b83369b" />
      <TestMethod codeBase="P:/Bunel Sébastien/Slam4/tpTestUnitaire/TestEan13/bin/Debug/TestEan13.DLL" adapterTypeName="Microsoft.VisualStudio.TestTools.TestTypes.Unit.UnitTestAdapter, Microsoft.VisualStudio.QualityTools.Tips.UnitTest.Adapter, Version=10.0.0.0, Culture=neutral, PublicKeyToken=b03f5f7f11d50a3a" className="TestEan13.Ean13Test, TestEan13, Version=1.0.0.0, Culture=neutral, PublicKeyToken=null" name="PoidsImpairTest" />
    </UnitTest>
    <UnitTest name="PoidsPairTest" storage="p:\bunel sébastien\slam4\tptestunitaire\testean13\bin\debug\testean13.dll" id="0ca3dafd-72c1-0bd1-f5ec-d20609911a3b">
      <Execution id="ac5a27d6-7c8a-4e55-8bef-7b8455f9ee42" />
      <TestMethod codeBase="P:/Bunel Sébastien/Slam4/tpTestUnitaire/TestEan13/bin/Debug/TestEan13.DLL" adapterTypeName="Microsoft.VisualStudio.TestTools.TestTypes.Unit.UnitTestAdapter, Microsoft.VisualStudio.QualityTools.Tips.UnitTest.Adapter, Version=10.0.0.0, Culture=neutral, PublicKeyToken=b03f5f7f11d50a3a" className="TestEan13.Ean13Test, TestEan13, Version=1.0.0.0, Culture=neutral, PublicKeyToken=null" name="PoidsPairTest" />
    </UnitTest>
  </TestDefinitions>
  <TestLists>
    <TestList name="Les résultats ne figurent pas dans une liste" id="8c84fa94-04c1-424b-9868-57a2d4851a1d" />
    <TestList name="Tous les résultats chargés" id="19431567-8539-422a-85d7-44ee4e166bda" />
  </TestLists>
  <TestEntries>
    <TestEntry testId="0ca3dafd-72c1-0bd1-f5ec-d20609911a3b" executionId="ac5a27d6-7c8a-4e55-8bef-7b8455f9ee42" testListId="8c84fa94-04c1-424b-9868-57a2d4851a1d" />
    <TestEntry testId="3b00af88-da7f-9480-e7c9-bc6616f14c9e" executionId="4b4c3643-cb82-4209-9d08-c7b25b83369b" testListId="8c84fa94-04c1-424b-9868-57a2d4851a1d" />
    <TestEntry testId="c52f5332-71ff-335c-862c-1d556b4a6abc" executionId="15a1dee1-784c-4cda-819d-6d2f9f3da3da" testListId="8c84fa94-04c1-424b-9868-57a2d4851a1d" />
    <TestEntry testId="da35aeb7-e1df-eeed-6b2d-3a17dd8140d8" executionId="229be377-81aa-4b23-bf39-572787b7bad4" testListId="8c84fa94-04c1-424b-9868-57a2d4851a1d" />
    <TestEntry testId="e9163f9d-c849-b6ad-20b7-06b88564ed77" executionId="187ac916-f5d6-40ac-85e5-097368b73314" testListId="8c84fa94-04c1-424b-9868-57a2d4851a1d" />
    <TestEntry testId="fc088f0c-0d88-c0a7-85e1-7f86ad18f642" executionId="98dc0d90-8884-4564-a358-bfd5ee049294" testListId="8c84fa94-04c1-424b-9868-57a2d4851a1d" />
  </TestEntries>
  <Results>
    <UnitTestResult executionId="ac5a27d6-7c8a-4e55-8bef-7b8455f9ee42" testId="0ca3dafd-72c1-0bd1-f5ec-d20609911a3b" testName="PoidsPairTest" computerName="R108P16HVVS" duration="00:00:00.0086857" startTime="2017-12-21T11:01:01.9986028+01:00" endTime="2017-12-21T11:01:02.1061828+01:00" testType="13cdc9d9-ddb5-4fa4-a97d-d965ccfc6d4b" outcome="Passed" testListId="8c84fa94-04c1-424b-9868-57a2d4851a1d" relativeResultsDirectory="ac5a27d6-7c8a-4e55-8bef-7b8455f9ee42">
    </UnitTestResult>
    <UnitTestResult executionId="4b4c3643-cb82-4209-9d08-c7b25b83369b" testId="3b00af88-da7f-9480-e7c9-bc6616f14c9e" testName="PoidsImpairTest" computerName="R108P16HVVS" duration="00:00:00.0002735" startTime="2017-12-21T11:01:02.1071608+01:00" endTime="2017-12-21T11:01:02.1091168+01:00" testType="13cdc9d9-ddb5-4fa4-a97d-d965ccfc6d4b" outcome="Passed" testListId="8c84fa94-04c1-424b-9868-57a2d4851a1d" relativeResultsDirectory="4b4c3643-cb82-4209-9d08-c7b25b83369b">
    </UnitTestResult>
    <UnitTestResult executionId="15a1dee1-784c-4cda-819d-6d2f9f3da3da" testId="c52f5332-71ff-335c-862c-1d556b4a6abc" testName="CleTest" computerName="R108P16HVVS" duration="00:00:00.0001790" startTime="2017-12-21T11:01:02.1100948+01:00" endTime="2017-12-21T11:01:02.1110728+01:00" testType="13cdc9d9-ddb5-4fa4-a97d-d965ccfc6d4b" outcome="Passed" testListId="8c84fa94-04c1-424b-9868-57a2d4851a1d" relativeResultsDirectory="15a1dee1-784c-4cda-819d-6d2f9f3da3da">
    </UnitTestResult>
    <UnitTestResult executionId="229be377-81aa-4b23-bf39-572787b7bad4" testId="da35aeb7-e1df-eeed-6b2d-3a17dd8140d8" testName="ResteTest" computerName="R108P16HVVS" duration="00:00:00.0003147" startTime="2017-12-21T11:01:02.1140068+01:00" endTime="2017-12-21T11:01:02.1159628+01:00" testType="13cdc9d9-ddb5-4fa4-a97d-d965ccfc6d4b" outcome="Passed" testListId="8c84fa94-04c1-424b-9868-57a2d4851a1d" relativeResultsDirectory="229be377-81aa-4b23-bf39-572787b7bad4">
    </UnitTestResult>
    <UnitTestResult executionId="187ac916-f5d6-40ac-85e5-097368b73314" testId="e9163f9d-c849-b6ad-20b7-06b88564ed77" testName="Ean13ConstructorTest" computerName="R108P16HVVS" duration="00:00:00.0002513" startTime="2017-12-21T11:01:02.1169408+01:00" endTime="2017-12-21T11:01:02.1179188+01:00" testType="13cdc9d9-ddb5-4fa4-a97d-d965ccfc6d4b" outcome="Passed" testListId="8c84fa94-04c1-424b-9868-57a2d4851a1d" relativeResultsDirectory="187ac916-f5d6-40ac-85e5-097368b73314">
    </UnitTestResult>
    <UnitTestResult executionId="98dc0d90-8884-4564-a358-bfd5ee049294" testId="fc088f0c-0d88-c0a7-85e1-7f86ad18f642" testName="ToStringTest" computerName="R108P16HVVS" duration="00:00:00.0003386" startTime="2017-12-21T11:01:02.1188968+01:00" endTime="2017-12-21T11:01:02.1218308+01:00" testType="13cdc9d9-ddb5-4fa4-a97d-d965ccfc6d4b" outcome="Passed" testListId="8c84fa94-04c1-424b-9868-57a2d4851a1d" relativeResultsDirectory="98dc0d90-8884-4564-a358-bfd5ee049294">
    </UnitTestResult>
  </Results>
</TestRun>