<?xml version="1.0" encoding="UTF-8"?>
<TestRun id="255732e6-e783-4ce5-a33a-a4f59d156517" name="sbunel@R108P16HVVS 2017-12-21 11:04:42" runUser="SIO\sbunel" xmlns="http://microsoft.com/schemas/VisualStudio/TeamTest/2010">
  <TestSettings name="Local" id="6e5ca0db-52ce-482b-a71f-546599047121">
    <Description>Il s'agit des paramètres de test par défaut pour une série de tests locale.</Description>
    <Deployment enabled="false" runDeploymentRoot="sbunel_R108P16HVVS 2017-12-21 11_04_42">
      <DeploymentItem filename="P:\Bunel Sébastien\Slam4\tpTestUnitaire\tpTestUnitaire\bin\Debug\tpTestUnitaire.dll" />
    </Deployment>
    <Execution>
      <TestTypeSpecific />
      <AgentRule name="Execution Agents">
      </AgentRule>
    </Execution>
  </TestSettings>
  <Times creation="2017-12-21T11:04:42.8310346+01:00" queuing="2017-12-21T11:04:43.2075327+01:00" start="2017-12-21T11:04:43.2857677+01:00" finish="2017-12-21T11:04:47.8446109+01:00" />
  <ResultSummary outcome="Error">
    <Counters total="6" executed="1" error="0" failed="0" timeout="0" aborted="1" inconclusive="0" passedButRunAborted="0" notRunnable="0" notExecuted="5" disconnected="0" warning="0" passed="0" completed="0" inProgress="0" pending="0" />
    <RunInfos>
      <RunInfo computerName="R108P16HVVS" outcome="Error" timestamp="2017-12-21T11:04:47.8446109+01:00">
        <Text>Le processus hôte du test s'est fermé de manière inattendue.</Text>
      </RunInfo>
    </RunInfos>
  </ResultSummary>
  <TestDefinitions>
    <UnitTest name="ToStringTest" storage="p:\bunel sébastien\slam4\tptestunitaire\testean13\bin\debug\testean13.dll" id="fc088f0c-0d88-c0a7-85e1-7f86ad18f642">
      <Execution id="784d559a-e0ed-4c7a-808c-5e0a64434309" />
      <TestMethod codeBase="P:/Bunel Sébastien/Slam4/tpTestUnitaire/TestEan13/bin/Debug/TestEan13.DLL" adapterTypeName="Microsoft.VisualStudio.TestTools.TestTypes.Unit.UnitTestAdapter, Microsoft.VisualStudio.QualityTools.Tips.UnitTest.Adapter, Version=10.0.0.0, Culture=neutral, PublicKeyToken=b03f5f7f11d50a3a" className="TestEan13.Ean13Test, TestEan13, Version=1.0.0.0, Culture=neutral, PublicKeyToken=null" name="ToStringTest" />
    </UnitTest>
    <UnitTest name="CleTest" storage="p:\bunel sébastien\slam4\tptestunitaire\testean13\bin\debug\testean13.dll" id="c52f5332-71ff-335c-862c-1d556b4a6abc">
      <Execution id="1c915e7e-52d2-4821-93a6-eaf7c1631ce3" />
      <TestMethod codeBase="P:/Bunel Sébastien/Slam4/tpTestUnitaire/TestEan13/bin/Debug/TestEan13.DLL" adapterTypeName="Microsoft.VisualStudio.TestTools.TestTypes.Unit.UnitTestAdapter, Microsoft.VisualStudio.QualityTools.Tips.UnitTest.Adapter, Version=10.0.0.0, Culture=neutral, PublicKeyToken=b03f5f7f11d50a3a" className="TestEan13.Ean13Test, TestEan13, Version=1.0.0.0, Culture=neutral, PublicKeyToken=null" name="CleTest" />
    </UnitTest>
    <UnitTest name="ResteTest" storage="p:\bunel sébastien\slam4\tptestunitaire\testean13\bin\debug\testean13.dll" id="da35aeb7-e1df-eeed-6b2d-3a17dd8140d8">
      <Execution id="8f5ed5ef-be50-46eb-b1b5-70c8e9707234" />
      <TestMethod codeBase="P:/Bunel Sébastien/Slam4/tpTestUnitaire/TestEan13/bin/Debug/TestEan13.DLL" adapterTypeName="Microsoft.VisualStudio.TestTools.TestTypes.Unit.UnitTestAdapter, Microsoft.VisualStudio.QualityTools.Tips.UnitTest.Adapter, Version=10.0.0.0, Culture=neutral, PublicKeyToken=b03f5f7f11d50a3a" className="TestEan13.Ean13Test, TestEan13, Version=1.0.0.0, Culture=neutral, PublicKeyToken=null" name="ResteTest" />
    </UnitTest>
    <UnitTest name="Ean13ConstructorTest" storage="p:\bunel sébastien\slam4\tptestunitaire\testean13\bin\debug\testean13.dll" id="e9163f9d-c849-b6ad-20b7-06b88564ed77">
      <Execution id="5e86d698-0eb9-43dd-a25b-22eaf5d40bd1" />
      <TestMethod codeBase="P:/Bunel Sébastien/Slam4/tpTestUnitaire/TestEan13/bin/Debug/TestEan13.DLL" adapterTypeName="Microsoft.VisualStudio.TestTools.TestTypes.Unit.UnitTestAdapter, Microsoft.VisualStudio.QualityTools.Tips.UnitTest.Adapter, Version=10.0.0.0, Culture=neutral, PublicKeyToken=b03f5f7f11d50a3a" className="TestEan13.Ean13Test, TestEan13, Version=1.0.0.0, Culture=neutral, PublicKeyToken=null" name="Ean13ConstructorTest" />
    </UnitTest>
    <UnitTest name="PoidsImpairTest" storage="p:\bunel sébastien\slam4\tptestunitaire\testean13\bin\debug\testean13.dll" id="3b00af88-da7f-9480-e7c9-bc6616f14c9e">
      <Execution id="0b26fc8c-a2fe-45af-94c2-7c7a7e7f14f7" />
      <TestMethod codeBase="P:/Bunel Sébastien/Slam4/tpTestUnitaire/TestEan13/bin/Debug/TestEan13.DLL" adapterTypeName="Microsoft.VisualStudio.TestTools.TestTypes.Unit.UnitTestAdapter, Microsoft.VisualStudio.QualityTools.Tips.UnitTest.Adapter, Version=10.0.0.0, Culture=neutral, PublicKeyToken=b03f5f7f11d50a3a" className="TestEan13.Ean13Test, TestEan13, Version=1.0.0.0, Culture=neutral, PublicKeyToken=null" name="PoidsImpairTest" />
    </UnitTest>
    <UnitTest name="PoidsPairTest" storage="p:\bunel sébastien\slam4\tptestunitaire\testean13\bin\debug\testean13.dll" id="0ca3dafd-72c1-0bd1-f5ec-d20609911a3b">
      <Execution id="3468775b-82ef-429d-b613-7098fd3fe8e6" />
      <TestMethod codeBase="P:/Bunel Sébastien/Slam4/tpTestUnitaire/TestEan13/bin/Debug/TestEan13.DLL" adapterTypeName="Microsoft.VisualStudio.TestTools.TestTypes.Unit.UnitTestAdapter, Microsoft.VisualStudio.QualityTools.Tips.UnitTest.Adapter, Version=10.0.0.0, Culture=neutral, PublicKeyToken=b03f5f7f11d50a3a" className="TestEan13.Ean13Test, TestEan13, Version=1.0.0.0, Culture=neutral, PublicKeyToken=null" name="PoidsPairTest" />
    </UnitTest>
  </TestDefinitions>
  <TestLists>
    <TestList name="Les résultats ne figurent pas dans une liste" id="8c84fa94-04c1-424b-9868-57a2d4851a1d" />
    <TestList name="Tous les résultats chargés" id="19431567-8539-422a-85d7-44ee4e166bda" />
  </TestLists>
  <TestEntries>
    <TestEntry testId="0ca3dafd-72c1-0bd1-f5ec-d20609911a3b" executionId="3468775b-82ef-429d-b613-7098fd3fe8e6" testListId="8c84fa94-04c1-424b-9868-57a2d4851a1d" />
    <TestEntry testId="3b00af88-da7f-9480-e7c9-bc6616f14c9e" executionId="0b26fc8c-a2fe-45af-94c2-7c7a7e7f14f7" testListId="8c84fa94-04c1-424b-9868-57a2d4851a1d" />
    <TestEntry testId="c52f5332-71ff-335c-862c-1d556b4a6abc" executionId="1c915e7e-52d2-4821-93a6-eaf7c1631ce3" testListId="8c84fa94-04c1-424b-9868-57a2d4851a1d" />
    <TestEntry testId="da35aeb7-e1df-eeed-6b2d-3a17dd8140d8" executionId="8f5ed5ef-be50-46eb-b1b5-70c8e9707234" testListId="8c84fa94-04c1-424b-9868-57a2d4851a1d" />
    <TestEntry testId="e9163f9d-c849-b6ad-20b7-06b88564ed77" executionId="5e86d698-0eb9-43dd-a25b-22eaf5d40bd1" testListId="8c84fa94-04c1-424b-9868-57a2d4851a1d" />
    <TestEntry testId="fc088f0c-0d88-c0a7-85e1-7f86ad18f642" executionId="784d559a-e0ed-4c7a-808c-5e0a64434309" testListId="8c84fa94-04c1-424b-9868-57a2d4851a1d" />
  </TestEntries>
  <Results>
    <UnitTestResult executionId="3468775b-82ef-429d-b613-7098fd3fe8e6" testId="0ca3dafd-72c1-0bd1-f5ec-d20609911a3b" testName="PoidsPairTest" computerName="R108P16HVVS" duration="00:00:04.4023732" startTime="2017-12-21T11:04:43.4422377+01:00" endTime="2017-12-21T11:04:47.8446109+01:00" testType="13cdc9d9-ddb5-4fa4-a97d-d965ccfc6d4b" outcome="Aborted" testListId="8c84fa94-04c1-424b-9868-57a2d4851a1d" relativeResultsDirectory="3468775b-82ef-429d-b613-7098fd3fe8e6">
    </UnitTestResult>
    <UnitTestResult executionId="0b26fc8c-a2fe-45af-94c2-7c7a7e7f14f7" testId="3b00af88-da7f-9480-e7c9-bc6616f14c9e" testName="PoidsImpairTest" computerName="R108P16HVVS" testType="13cdc9d9-ddb5-4fa4-a97d-d965ccfc6d4b" outcome="NotExecuted" testListId="8c84fa94-04c1-424b-9868-57a2d4851a1d" relativeResultsDirectory="0b26fc8c-a2fe-45af-94c2-7c7a7e7f14f7">
    </UnitTestResult>
    <UnitTestResult executionId="1c915e7e-52d2-4821-93a6-eaf7c1631ce3" testId="c52f5332-71ff-335c-862c-1d556b4a6abc" testName="CleTest" computerName="R108P16HVVS" testType="13cdc9d9-ddb5-4fa4-a97d-d965ccfc6d4b" outcome="NotExecuted" testListId="8c84fa94-04c1-424b-9868-57a2d4851a1d" relativeResultsDirectory="1c915e7e-52d2-4821-93a6-eaf7c1631ce3">
    </UnitTestResult>
    <UnitTestResult executionId="8f5ed5ef-be50-46eb-b1b5-70c8e9707234" testId="da35aeb7-e1df-eeed-6b2d-3a17dd8140d8" testName="ResteTest" computerName="R108P16HVVS" testType="13cdc9d9-ddb5-4fa4-a97d-d965ccfc6d4b" outcome="NotExecuted" testListId="8c84fa94-04c1-424b-9868-57a2d4851a1d" relativeResultsDirectory="8f5ed5ef-be50-46eb-b1b5-70c8e9707234">
    </UnitTestResult>
    <UnitTestResult executionId="5e86d698-0eb9-43dd-a25b-22eaf5d40bd1" testId="e9163f9d-c849-b6ad-20b7-06b88564ed77" testName="Ean13ConstructorTest" computerName="R108P16HVVS" testType="13cdc9d9-ddb5-4fa4-a97d-d965ccfc6d4b" outcome="NotExecuted" testListId="8c84fa94-04c1-424b-9868-57a2d4851a1d" relativeResultsDirectory="5e86d698-0eb9-43dd-a25b-22eaf5d40bd1">
    </UnitTestResult>
    <UnitTestResult executionId="784d559a-e0ed-4c7a-808c-5e0a64434309" testId="fc088f0c-0d88-c0a7-85e1-7f86ad18f642" testName="ToStringTest" computerName="R108P16HVVS" testType="13cdc9d9-ddb5-4fa4-a97d-d965ccfc6d4b" outcome="NotExecuted" testListId="8c84fa94-04c1-424b-9868-57a2d4851a1d" relativeResultsDirectory="784d559a-e0ed-4c7a-808c-5e0a64434309">
    </UnitTestResult>
  </Results>
</TestRun>