<?xml version="1.0" encoding="UTF-8"?>
<TestRun id="0cb0f231-e789-49a9-97a4-d0f0d0c55b73" name="sbunel@R108P16HVVS 2017-12-21 11:02:40" runUser="SIO\sbunel" xmlns="http://microsoft.com/schemas/VisualStudio/TeamTest/2010">
  <TestSettings name="Local" id="6e5ca0db-52ce-482b-a71f-546599047121">
    <Description>Il s'agit des paramètres de test par défaut pour une série de tests locale.</Description>
    <Deployment enabled="false" runDeploymentRoot="sbunel_R108P16HVVS 2017-12-21 11_02_40">
      <DeploymentItem filename="P:\Bunel Sébastien\Slam4\tpTestUnitaire\tpTestUnitaire\bin\Debug\tpTestUnitaire.dll" />
    </Deployment>
    <Execution>
      <TestTypeSpecific />
      <AgentRule name="Execution Agents">
      </AgentRule>
    </Execution>
  </TestSettings>
  <Times creation="2017-12-21T11:02:40.5615148+01:00" queuing="2017-12-21T11:02:40.5849436+01:00" start="2017-12-21T11:02:40.5927532+01:00" finish="2017-12-21T11:02:40.7753026+01:00" />
  <ResultSummary outcome="Completed">
    <Counters total="6" executed="6" passed="6" error="0" failed="0" timeout="0" aborted="0" inconclusive="0" passedButRunAborted="0" notRunnable="0" notExecuted="0" disconnected="0" warning="0" completed="0" inProgress="0" pending="0" />
  </ResultSummary>
  <TestDefinitions>
    <UnitTest name="ToStringTest" storage="p:\bunel sébastien\slam4\tptestunitaire\testean13\bin\debug\testean13.dll" id="fc088f0c-0d88-c0a7-85e1-7f86ad18f642">
      <Execution id="de75f41b-1fbe-4a9b-9fab-56c020bf9060" />
      <TestMethod codeBase="P:/Bunel Sébastien/Slam4/tpTestUnitaire/TestEan13/bin/Debug/TestEan13.DLL" adapterTypeName="Microsoft.VisualStudio.TestTools.TestTypes.Unit.UnitTestAdapter, Microsoft.VisualStudio.QualityTools.Tips.UnitTest.Adapter, Version=10.0.0.0, Culture=neutral, PublicKeyToken=b03f5f7f11d50a3a" className="TestEan13.Ean13Test, TestEan13, Version=1.0.0.0, Culture=neutral, PublicKeyToken=null" name="ToStringTest" />
    </UnitTest>
    <UnitTest name="CleTest" storage="p:\bunel sébastien\slam4\tptestunitaire\testean13\bin\debug\testean13.dll" id="c52f5332-71ff-335c-862c-1d556b4a6abc">
      <Execution id="338d53ce-4153-4848-a0be-5309c39091a3" />
      <TestMethod codeBase="P:/Bunel Sébastien/Slam4/tpTestUnitaire/TestEan13/bin/Debug/TestEan13.DLL" adapterTypeName="Microsoft.VisualStudio.TestTools.TestTypes.Unit.UnitTestAdapter, Microsoft.VisualStudio.QualityTools.Tips.UnitTest.Adapter, Version=10.0.0.0, Culture=neutral, PublicKeyToken=b03f5f7f11d50a3a" className="TestEan13.Ean13Test, TestEan13, Version=1.0.0.0, Culture=neutral, PublicKeyToken=null" name="CleTest" />
    </UnitTest>
    <UnitTest name="ResteTest" storage="p:\bunel sébastien\slam4\tptestunitaire\testean13\bin\debug\testean13.dll" id="da35aeb7-e1df-eeed-6b2d-3a17dd8140d8">
      <Execution id="a53cb919-d1fb-4272-b846-944eb54b9cc0" />
      <TestMethod codeBase="P:/Bunel Sébastien/Slam4/tpTestUnitaire/TestEan13/bin/Debug/TestEan13.DLL" adapterTypeName="Microsoft.VisualStudio.TestTools.TestTypes.Unit.UnitTestAdapter, Microsoft.VisualStudio.QualityTools.Tips.UnitTest.Adapter, Version=10.0.0.0, Culture=neutral, PublicKeyToken=b03f5f7f11d50a3a" className="TestEan13.Ean13Test, TestEan13, Version=1.0.0.0, Culture=neutral, PublicKeyToken=null" name="ResteTest" />
    </UnitTest>
    <UnitTest name="Ean13ConstructorTest" storage="p:\bunel sébastien\slam4\tptestunitaire\testean13\bin\debug\testean13.dll" id="e9163f9d-c849-b6ad-20b7-06b88564ed77">
      <Execution id="3dc428f6-adc4-4312-87a9-41252454faad" />
      <TestMethod codeBase="P:/Bunel Sébastien/Slam4/tpTestUnitaire/TestEan13/bin/Debug/TestEan13.DLL" adapterTypeName="Microsoft.VisualStudio.TestTools.TestTypes.Unit.UnitTestAdapter, Microsoft.VisualStudio.QualityTools.Tips.UnitTest.Adapter, Version=10.0.0.0, Culture=neutral, PublicKeyToken=b03f5f7f11d50a3a" className="TestEan13.Ean13Test, TestEan13, Version=1.0.0.0, Culture=neutral, PublicKeyToken=null" name="Ean13ConstructorTest" />
    </UnitTest>
    <UnitTest name="PoidsImpairTest" storage="p:\bunel sébastien\slam4\tptestunitaire\testean13\bin\debug\testean13.dll" id="3b00af88-da7f-9480-e7c9-bc6616f14c9e">
      <Execution id="e398f4e4-7024-4aaa-9b4d-947750ac14dd" />
      <TestMethod codeBase="P:/Bunel Sébastien/Slam4/tpTestUnitaire/TestEan13/bin/Debug/TestEan13.DLL" adapterTypeName="Microsoft.VisualStudio.TestTools.TestTypes.Unit.UnitTestAdapter, Microsoft.VisualStudio.QualityTools.Tips.UnitTest.Adapter, Version=10.0.0.0, Culture=neutral, PublicKeyToken=b03f5f7f11d50a3a" className="TestEan13.Ean13Test, TestEan13, Version=1.0.0.0, Culture=neutral, PublicKeyToken=null" name="PoidsImpairTest" />
    </UnitTest>
    <UnitTest name="PoidsPairTest" storage="p:\bunel sébastien\slam4\tptestunitaire\testean13\bin\debug\testean13.dll" id="0ca3dafd-72c1-0bd1-f5ec-d20609911a3b">
      <Execution id="b683bbe8-7774-4bf1-9b2d-caa5805e858f" />
      <TestMethod codeBase="P:/Bunel Sébastien/Slam4/tpTestUnitaire/TestEan13/bin/Debug/TestEan13.DLL" adapterTypeName="Microsoft.VisualStudio.TestTools.TestTypes.Unit.UnitTestAdapter, Microsoft.VisualStudio.QualityTools.Tips.UnitTest.Adapter, Version=10.0.0.0, Culture=neutral, PublicKeyToken=b03f5f7f11d50a3a" className="TestEan13.Ean13Test, TestEan13, Version=1.0.0.0, Culture=neutral, PublicKeyToken=null" name="PoidsPairTest" />
    </UnitTest>
  </TestDefinitions>
  <TestLists>
    <TestList name="Les résultats ne figurent pas dans une liste" id="8c84fa94-04c1-424b-9868-57a2d4851a1d" />
    <TestList name="Tous les résultats chargés" id="19431567-8539-422a-85d7-44ee4e166bda" />
  </TestLists>
  <TestEntries>
    <TestEntry testId="0ca3dafd-72c1-0bd1-f5ec-d20609911a3b" executionId="b683bbe8-7774-4bf1-9b2d-caa5805e858f" testListId="8c84fa94-04c1-424b-9868-57a2d4851a1d" />
    <TestEntry testId="3b00af88-da7f-9480-e7c9-bc6616f14c9e" executionId="e398f4e4-7024-4aaa-9b4d-947750ac14dd" testListId="8c84fa94-04c1-424b-9868-57a2d4851a1d" />
    <TestEntry testId="c52f5332-71ff-335c-862c-1d556b4a6abc" executionId="338d53ce-4153-4848-a0be-5309c39091a3" testListId="8c84fa94-04c1-424b-9868-57a2d4851a1d" />
    <TestEntry testId="da35aeb7-e1df-eeed-6b2d-3a17dd8140d8" executionId="a53cb919-d1fb-4272-b846-944eb54b9cc0" testListId="8c84fa94-04c1-424b-9868-57a2d4851a1d" />
    <TestEntry testId="e9163f9d-c849-b6ad-20b7-06b88564ed77" executionId="3dc428f6-adc4-4312-87a9-41252454faad" testListId="8c84fa94-04c1-424b-9868-57a2d4851a1d" />
    <TestEntry testId="fc088f0c-0d88-c0a7-85e1-7f86ad18f642" executionId="de75f41b-1fbe-4a9b-9fab-56c020bf9060" testListId="8c84fa94-04c1-424b-9868-57a2d4851a1d" />
  </TestEntries>
  <Results>
    <UnitTestResult executionId="b683bbe8-7774-4bf1-9b2d-caa5805e858f" testId="0ca3dafd-72c1-0bd1-f5ec-d20609911a3b" testName="PoidsPairTest" computerName="R108P16HVVS" duration="00:00:00.0076878" startTime="2017-12-21T11:02:40.5995866+01:00" endTime="2017-12-21T11:02:40.7098972+01:00" testType="13cdc9d9-ddb5-4fa4-a97d-d965ccfc6d4b" outcome="Passed" testListId="8c84fa94-04c1-424b-9868-57a2d4851a1d" relativeResultsDirectory="b683bbe8-7774-4bf1-9b2d-caa5805e858f">
    </UnitTestResult>
    <UnitTestResult executionId="e398f4e4-7024-4aaa-9b4d-947750ac14dd" testId="3b00af88-da7f-9480-e7c9-bc6616f14c9e" testName="PoidsImpairTest" computerName="R108P16HVVS" duration="00:00:00.0002140" startTime="2017-12-21T11:02:40.7147782+01:00" endTime="2017-12-21T11:02:40.7186830+01:00" testType="13cdc9d9-ddb5-4fa4-a97d-d965ccfc6d4b" outcome="Passed" testListId="8c84fa94-04c1-424b-9868-57a2d4851a1d" relativeResultsDirectory="e398f4e4-7024-4aaa-9b4d-947750ac14dd">
    </UnitTestResult>
    <UnitTestResult executionId="338d53ce-4153-4848-a0be-5309c39091a3" testId="c52f5332-71ff-335c-862c-1d556b4a6abc" testName="CleTest" computerName="R108P16HVVS" duration="00:00:00.0002021" startTime="2017-12-21T11:02:40.7196592+01:00" endTime="2017-12-21T11:02:40.7216116+01:00" testType="13cdc9d9-ddb5-4fa4-a97d-d965ccfc6d4b" outcome="Passed" testListId="8c84fa94-04c1-424b-9868-57a2d4851a1d" relativeResultsDirectory="338d53ce-4153-4848-a0be-5309c39091a3">
    </UnitTestResult>
    <UnitTestResult executionId="a53cb919-d1fb-4272-b846-944eb54b9cc0" testId="da35aeb7-e1df-eeed-6b2d-3a17dd8140d8" testName="ResteTest" computerName="R108P16HVVS" duration="00:00:00.0002231" startTime="2017-12-21T11:02:40.7225878+01:00" endTime="2017-12-21T11:02:40.7245402+01:00" testType="13cdc9d9-ddb5-4fa4-a97d-d965ccfc6d4b" outcome="Passed" testListId="8c84fa94-04c1-424b-9868-57a2d4851a1d" relativeResultsDirectory="a53cb919-d1fb-4272-b846-944eb54b9cc0">
    </UnitTestResult>
    <UnitTestResult executionId="3dc428f6-adc4-4312-87a9-41252454faad" testId="e9163f9d-c849-b6ad-20b7-06b88564ed77" testName="Ean13ConstructorTest" computerName="R108P16HVVS" duration="00:00:00.0002509" startTime="2017-12-21T11:02:40.7245402+01:00" endTime="2017-12-21T11:02:40.7274688+01:00" testType="13cdc9d9-ddb5-4fa4-a97d-d965ccfc6d4b" outcome="Passed" testListId="8c84fa94-04c1-424b-9868-57a2d4851a1d" relativeResultsDirectory="3dc428f6-adc4-4312-87a9-41252454faad">
    </UnitTestResult>
    <UnitTestResult executionId="de75f41b-1fbe-4a9b-9fab-56c020bf9060" testId="fc088f0c-0d88-c0a7-85e1-7f86ad18f642" testName="ToStringTest" computerName="R108P16HVVS" duration="00:00:00.0003369" startTime="2017-12-21T11:02:40.7284450+01:00" endTime="2017-12-21T11:02:40.7303974+01:00" testType="13cdc9d9-ddb5-4fa4-a97d-d965ccfc6d4b" outcome="Passed" testListId="8c84fa94-04c1-424b-9868-57a2d4851a1d" relativeResultsDirectory="de75f41b-1fbe-4a9b-9fab-56c020bf9060">
    </UnitTestResult>
  </Results>
</TestRun>