<?xml version="1.0" encoding="UTF-8"?>
<TestRun id="c02b5ed5-85fc-49c0-b661-0ec12bedb771" name="sbunel@R108P16HVVS 2017-12-21 10:58:58" runUser="SIO\sbunel" xmlns="http://microsoft.com/schemas/VisualStudio/TeamTest/2010">
  <TestSettings name="Local" id="6e5ca0db-52ce-482b-a71f-546599047121">
    <Description>Il s'agit des paramètres de test par défaut pour une série de tests locale.</Description>
    <Deployment enabled="false" runDeploymentRoot="sbunel_R108P16HVVS 2017-12-21 10_58_58">
      <DeploymentItem filename="P:\Bunel Sébastien\Slam4\tpTestUnitaire\tpTestUnitaire\bin\Debug\tpTestUnitaire.dll" />
    </Deployment>
    <Execution>
      <TestTypeSpecific />
      <AgentRule name="Execution Agents">
      </AgentRule>
    </Execution>
  </TestSettings>
  <Times creation="2017-12-21T10:58:58.1431349+01:00" queuing="2017-12-21T10:58:58.5653190+01:00" start="2017-12-21T10:58:58.6122438+01:00" finish="2017-12-21T10:59:41.1302712+01:00" />
  <ResultSummary outcome="Error">
    <Counters total="6" executed="5" passed="4" error="0" failed="0" timeout="0" aborted="1" inconclusive="0" passedButRunAborted="0" notRunnable="0" notExecuted="1" disconnected="0" warning="0" completed="0" inProgress="0" pending="0" />
    <RunInfos>
      <RunInfo computerName="R108P16HVVS" outcome="Error" timestamp="2017-12-21T10:59:41.1292932+01:00">
        <Text>Le processus hôte du test s'est fermé de manière inattendue.</Text>
      </RunInfo>
    </RunInfos>
  </ResultSummary>
  <TestDefinitions>
    <UnitTest name="ToStringTest" storage="p:\bunel sébastien\slam4\tptestunitaire\testean13\bin\debug\testean13.dll" id="fc088f0c-0d88-c0a7-85e1-7f86ad18f642">
      <Execution id="c61a0c00-bfcd-4b9e-8584-74c9f1200c07" />
      <TestMethod codeBase="P:/Bunel Sébastien/Slam4/tpTestUnitaire/TestEan13/bin/Debug/TestEan13.DLL" adapterTypeName="Microsoft.VisualStudio.TestTools.TestTypes.Unit.UnitTestAdapter, Microsoft.VisualStudio.QualityTools.Tips.UnitTest.Adapter, Version=10.0.0.0, Culture=neutral, PublicKeyToken=b03f5f7f11d50a3a" className="TestEan13.Ean13Test, TestEan13, Version=1.0.0.0, Culture=neutral, PublicKeyToken=null" name="ToStringTest" />
    </UnitTest>
    <UnitTest name="CleTest" storage="p:\bunel sébastien\slam4\tptestunitaire\testean13\bin\debug\testean13.dll" id="c52f5332-71ff-335c-862c-1d556b4a6abc">
      <Execution id="8cba8369-9947-47ed-aa8b-1467a471e6bc" />
      <TestMethod codeBase="P:/Bunel Sébastien/Slam4/tpTestUnitaire/TestEan13/bin/Debug/TestEan13.DLL" adapterTypeName="Microsoft.VisualStudio.TestTools.TestTypes.Unit.UnitTestAdapter, Microsoft.VisualStudio.QualityTools.Tips.UnitTest.Adapter, Version=10.0.0.0, Culture=neutral, PublicKeyToken=b03f5f7f11d50a3a" className="TestEan13.Ean13Test, TestEan13, Version=1.0.0.0, Culture=neutral, PublicKeyToken=null" name="CleTest" />
    </UnitTest>
    <UnitTest name="ResteTest" storage="p:\bunel sébastien\slam4\tptestunitaire\testean13\bin\debug\testean13.dll" id="da35aeb7-e1df-eeed-6b2d-3a17dd8140d8">
      <Execution id="79658ec0-f272-469e-8eb1-1208f467cd48" />
      <TestMethod codeBase="P:/Bunel Sébastien/Slam4/tpTestUnitaire/TestEan13/bin/Debug/TestEan13.DLL" adapterTypeName="Microsoft.VisualStudio.TestTools.TestTypes.Unit.UnitTestAdapter, Microsoft.VisualStudio.QualityTools.Tips.UnitTest.Adapter, Version=10.0.0.0, Culture=neutral, PublicKeyToken=b03f5f7f11d50a3a" className="TestEan13.Ean13Test, TestEan13, Version=1.0.0.0, Culture=neutral, PublicKeyToken=null" name="ResteTest" />
    </UnitTest>
    <UnitTest name="Ean13ConstructorTest" storage="p:\bunel sébastien\slam4\tptestunitaire\testean13\bin\debug\testean13.dll" id="e9163f9d-c849-b6ad-20b7-06b88564ed77">
      <Execution id="46f2c494-f529-4e73-9e7f-8dc44c302299" />
      <TestMethod codeBase="P:/Bunel Sébastien/Slam4/tpTestUnitaire/TestEan13/bin/Debug/TestEan13.DLL" adapterTypeName="Microsoft.VisualStudio.TestTools.TestTypes.Unit.UnitTestAdapter, Microsoft.VisualStudio.QualityTools.Tips.UnitTest.Adapter, Version=10.0.0.0, Culture=neutral, PublicKeyToken=b03f5f7f11d50a3a" className="TestEan13.Ean13Test, TestEan13, Version=1.0.0.0, Culture=neutral, PublicKeyToken=null" name="Ean13ConstructorTest" />
    </UnitTest>
    <UnitTest name="PoidsImpairTest" storage="p:\bunel sébastien\slam4\tptestunitaire\testean13\bin\debug\testean13.dll" id="3b00af88-da7f-9480-e7c9-bc6616f14c9e">
      <Execution id="0532d639-c64a-4b62-99cb-54ded4ce6d48" />
      <TestMethod codeBase="P:/Bunel Sébastien/Slam4/tpTestUnitaire/TestEan13/bin/Debug/TestEan13.DLL" adapterTypeName="Microsoft.VisualStudio.TestTools.TestTypes.Unit.UnitTestAdapter, Microsoft.VisualStudio.QualityTools.Tips.UnitTest.Adapter, Version=10.0.0.0, Culture=neutral, PublicKeyToken=b03f5f7f11d50a3a" className="TestEan13.Ean13Test, TestEan13, Version=1.0.0.0, Culture=neutral, PublicKeyToken=null" name="PoidsImpairTest" />
    </UnitTest>
    <UnitTest name="PoidsPairTest" storage="p:\bunel sébastien\slam4\tptestunitaire\testean13\bin\debug\testean13.dll" id="0ca3dafd-72c1-0bd1-f5ec-d20609911a3b">
      <Execution id="8194bdc0-2edb-417a-9214-b03888eecb38" />
      <TestMethod codeBase="P:/Bunel Sébastien/Slam4/tpTestUnitaire/TestEan13/bin/Debug/TestEan13.DLL" adapterTypeName="Microsoft.VisualStudio.TestTools.TestTypes.Unit.UnitTestAdapter, Microsoft.VisualStudio.QualityTools.Tips.UnitTest.Adapter, Version=10.0.0.0, Culture=neutral, PublicKeyToken=b03f5f7f11d50a3a" className="TestEan13.Ean13Test, TestEan13, Version=1.0.0.0, Culture=neutral, PublicKeyToken=null" name="PoidsPairTest" />
    </UnitTest>
  </TestDefinitions>
  <TestLists>
    <TestList name="Les résultats ne figurent pas dans une liste" id="8c84fa94-04c1-424b-9868-57a2d4851a1d" />
    <TestList name="Tous les résultats chargés" id="19431567-8539-422a-85d7-44ee4e166bda" />
  </TestLists>
  <TestEntries>
    <TestEntry testId="0ca3dafd-72c1-0bd1-f5ec-d20609911a3b" executionId="8194bdc0-2edb-417a-9214-b03888eecb38" testListId="8c84fa94-04c1-424b-9868-57a2d4851a1d" />
    <TestEntry testId="3b00af88-da7f-9480-e7c9-bc6616f14c9e" executionId="0532d639-c64a-4b62-99cb-54ded4ce6d48" testListId="8c84fa94-04c1-424b-9868-57a2d4851a1d" />
    <TestEntry testId="c52f5332-71ff-335c-862c-1d556b4a6abc" executionId="8cba8369-9947-47ed-aa8b-1467a471e6bc" testListId="8c84fa94-04c1-424b-9868-57a2d4851a1d" />
    <TestEntry testId="da35aeb7-e1df-eeed-6b2d-3a17dd8140d8" executionId="79658ec0-f272-469e-8eb1-1208f467cd48" testListId="8c84fa94-04c1-424b-9868-57a2d4851a1d" />
    <TestEntry testId="e9163f9d-c849-b6ad-20b7-06b88564ed77" executionId="46f2c494-f529-4e73-9e7f-8dc44c302299" testListId="8c84fa94-04c1-424b-9868-57a2d4851a1d" />
    <TestEntry testId="fc088f0c-0d88-c0a7-85e1-7f86ad18f642" executionId="c61a0c00-bfcd-4b9e-8584-74c9f1200c07" testListId="8c84fa94-04c1-424b-9868-57a2d4851a1d" />
  </TestEntries>
  <Results>
    <UnitTestResult executionId="8194bdc0-2edb-417a-9214-b03888eecb38" testId="0ca3dafd-72c1-0bd1-f5ec-d20609911a3b" testName="PoidsPairTest" computerName="R108P16HVVS" duration="00:00:00.0120296" startTime="2017-12-21T10:58:58.6748102+01:00" endTime="2017-12-21T10:58:59.2066246+01:00" testType="13cdc9d9-ddb5-4fa4-a97d-d965ccfc6d4b" outcome="Passed" testListId="8c84fa94-04c1-424b-9868-57a2d4851a1d" relativeResultsDirectory="8194bdc0-2edb-417a-9214-b03888eecb38">
    </UnitTestResult>
    <UnitTestResult executionId="0532d639-c64a-4b62-99cb-54ded4ce6d48" testId="3b00af88-da7f-9480-e7c9-bc6616f14c9e" testName="PoidsImpairTest" computerName="R108P16HVVS" duration="00:00:00.0002393" startTime="2017-12-21T10:58:59.2691910+01:00" endTime="2017-12-21T10:58:59.2691910+01:00" testType="13cdc9d9-ddb5-4fa4-a97d-d965ccfc6d4b" outcome="Passed" testListId="8c84fa94-04c1-424b-9868-57a2d4851a1d" relativeResultsDirectory="0532d639-c64a-4b62-99cb-54ded4ce6d48">
    </UnitTestResult>
    <UnitTestResult executionId="8cba8369-9947-47ed-aa8b-1467a471e6bc" testId="c52f5332-71ff-335c-862c-1d556b4a6abc" testName="CleTest" computerName="R108P16HVVS" duration="00:00:00.0002370" startTime="2017-12-21T10:58:59.3317574+01:00" endTime="2017-12-21T10:58:59.3317574+01:00" testType="13cdc9d9-ddb5-4fa4-a97d-d965ccfc6d4b" outcome="Passed" testListId="8c84fa94-04c1-424b-9868-57a2d4851a1d" relativeResultsDirectory="8cba8369-9947-47ed-aa8b-1467a471e6bc">
    </UnitTestResult>
    <UnitTestResult executionId="79658ec0-f272-469e-8eb1-1208f467cd48" testId="da35aeb7-e1df-eeed-6b2d-3a17dd8140d8" testName="ResteTest" computerName="R108P16HVVS" duration="00:00:00.0002477" startTime="2017-12-21T10:58:59.3786898+01:00" endTime="2017-12-21T10:58:59.3786898+01:00" testType="13cdc9d9-ddb5-4fa4-a97d-d965ccfc6d4b" outcome="Passed" testListId="8c84fa94-04c1-424b-9868-57a2d4851a1d" relativeResultsDirectory="79658ec0-f272-469e-8eb1-1208f467cd48">
    </UnitTestResult>
    <UnitTestResult executionId="46f2c494-f529-4e73-9e7f-8dc44c302299" testId="e9163f9d-c849-b6ad-20b7-06b88564ed77" testName="Ean13ConstructorTest" computerName="R108P16HVVS" duration="00:00:41.7046452" startTime="2017-12-21T10:58:59.4256260+01:00" endTime="2017-12-21T10:59:41.1302712+01:00" testType="13cdc9d9-ddb5-4fa4-a97d-d965ccfc6d4b" outcome="Aborted" testListId="8c84fa94-04c1-424b-9868-57a2d4851a1d" relativeResultsDirectory="46f2c494-f529-4e73-9e7f-8dc44c302299">
    </UnitTestResult>
    <UnitTestResult executionId="c61a0c00-bfcd-4b9e-8584-74c9f1200c07" testId="fc088f0c-0d88-c0a7-85e1-7f86ad18f642" testName="ToStringTest" computerName="R108P16HVVS" testType="13cdc9d9-ddb5-4fa4-a97d-d965ccfc6d4b" outcome="NotExecuted" testListId="8c84fa94-04c1-424b-9868-57a2d4851a1d" relativeResultsDirectory="c61a0c00-bfcd-4b9e-8584-74c9f1200c07">
    </UnitTestResult>
  </Results>
</TestRun>